Sep-02 17:41:12.759 [main] DEBUG nextflow.cli.Launcher - $> nextflow -quiet -log /rtsess01/juno/home/naidur/snvs_indels/nucleovar/.nf-test/tests/98af737904a797278dff77c5a7990e71/meta/nextflow.log run /rtsess01/juno/home/naidur/snvs_indels/nucleovar/tests/../main.nf -c /rtsess01/juno/home/naidur/snvs_indels/nucleovar/nextflow.config -c /rtsess01/juno/home/naidur/snvs_indels/nucleovar/tests/nextflow.config -params-file /rtsess01/juno/home/naidur/snvs_indels/nucleovar/.nf-test/tests/98af737904a797278dff77c5a7990e71/meta/params.json -ansi-log false -profile singularity -with-trace /rtsess01/juno/home/naidur/snvs_indels/nucleovar/.nf-test/tests/98af737904a797278dff77c5a7990e71/meta/trace.csv -w /rtsess01/juno/home/naidur/snvs_indels/nucleovar/.nf-test/tests/98af737904a797278dff77c5a7990e71/work -stub
Sep-02 17:41:12.837 [main] INFO  nextflow.cli.CmdRun - N E X T F L O W  ~  version 24.04.2
Sep-02 17:41:12.862 [main] DEBUG nextflow.plugin.PluginsFacade - Setting up plugin manager > mode=prod; embedded=false; plugins-dir=/home/naidur/.nextflow/plugins; core-plugins: nf-amazon@2.5.2,nf-azure@1.6.0,nf-cloudcache@0.4.1,nf-codecommit@0.2.0,nf-console@1.1.3,nf-ga4gh@1.3.0,nf-google@1.13.2,nf-tower@1.9.1,nf-wave@1.4.2
Sep-02 17:41:12.875 [main] INFO  o.pf4j.DefaultPluginStatusProvider - Enabled plugins: []
Sep-02 17:41:12.877 [main] INFO  o.pf4j.DefaultPluginStatusProvider - Disabled plugins: []
Sep-02 17:41:12.880 [main] INFO  org.pf4j.DefaultPluginManager - PF4J version 3.10.0 in 'deployment' mode
Sep-02 17:41:12.895 [main] INFO  org.pf4j.AbstractPluginManager - No plugins
Sep-02 17:41:12.923 [main] DEBUG nextflow.config.ConfigBuilder - Found config base: /rtsess01/juno/home/naidur/snvs_indels/nucleovar/nextflow.config
Sep-02 17:41:12.929 [main] DEBUG nextflow.config.ConfigBuilder - User config file: /rtsess01/juno/home/naidur/snvs_indels/nucleovar/nextflow.config
Sep-02 17:41:12.929 [main] DEBUG nextflow.config.ConfigBuilder - User config file: /rtsess01/juno/home/naidur/snvs_indels/nucleovar/tests/nextflow.config
Sep-02 17:41:12.931 [main] DEBUG nextflow.config.ConfigBuilder - Parsing config file: /rtsess01/juno/home/naidur/snvs_indels/nucleovar/nextflow.config
Sep-02 17:41:12.931 [main] DEBUG nextflow.config.ConfigBuilder - Parsing config file: /rtsess01/juno/home/naidur/snvs_indels/nucleovar/nextflow.config
Sep-02 17:41:12.932 [main] DEBUG nextflow.config.ConfigBuilder - Parsing config file: /rtsess01/juno/home/naidur/snvs_indels/nucleovar/tests/nextflow.config
Sep-02 17:41:12.964 [main] DEBUG n.secret.LocalSecretsProvider - Secrets store: /home/naidur/.nextflow/secrets/store.json
Sep-02 17:41:12.968 [main] DEBUG nextflow.secret.SecretsLoader - Discovered secrets providers: [nextflow.secret.LocalSecretsProvider@72be135f] - activable => nextflow.secret.LocalSecretsProvider@72be135f
Sep-02 17:41:12.994 [main] DEBUG nextflow.config.ConfigBuilder - Applying config profile: `singularity`
Sep-02 17:41:14.274 [main] DEBUG nextflow.config.ConfigBuilder - Applying config profile: `singularity`
Sep-02 17:41:14.422 [main] DEBUG nextflow.config.ConfigBuilder - Applying config profile: `singularity`
Sep-02 17:41:14.444 [main] DEBUG nextflow.config.ConfigBuilder - Available config profiles: [debug, test, apptainer, docker, gitpod, shifter, mamba, charliecloud, conda, stub, singularity, arm, lsf, podman]
Sep-02 17:41:14.497 [main] DEBUG nextflow.cli.CmdRun - Applied DSL=2 from script declaration
Sep-02 17:41:14.513 [main] INFO  nextflow.cli.CmdRun - Launching `/rtsess01/juno/home/naidur/snvs_indels/nucleovar/tests/../main.nf` [irreverent_brattain] DSL2 - revision: 6f3f6533ed
Sep-02 17:41:14.515 [main] DEBUG nextflow.plugin.PluginsFacade - Plugins declared=[nf-validation@1.1.3]
Sep-02 17:41:14.516 [main] DEBUG nextflow.plugin.PluginsFacade - Plugins default=[]
Sep-02 17:41:14.516 [main] DEBUG nextflow.plugin.PluginsFacade - Plugins resolved requirement=[nf-validation@1.1.3]
Sep-02 17:41:14.516 [main] DEBUG nextflow.plugin.PluginUpdater - Installing plugin nf-validation version: 1.1.3
Sep-02 17:41:14.525 [main] INFO  org.pf4j.AbstractPluginManager - Plugin 'nf-validation@1.1.3' resolved
Sep-02 17:41:14.526 [main] INFO  org.pf4j.AbstractPluginManager - Start plugin 'nf-validation@1.1.3'
Sep-02 17:41:14.534 [main] DEBUG nextflow.plugin.BasePlugin - Plugin started nf-validation@1.1.3
Sep-02 17:41:14.592 [main] DEBUG nextflow.Session - Session UUID: 1ccccfdc-342e-49a8-b1d0-30b35a6521cc
Sep-02 17:41:14.592 [main] DEBUG nextflow.Session - Run name: irreverent_brattain
Sep-02 17:41:14.592 [main] DEBUG nextflow.Session - Executor pool size: 72
Sep-02 17:41:14.600 [main] DEBUG nextflow.file.FilePorter - File porter settings maxRetries=3; maxTransfers=50; pollTimeout=null
Sep-02 17:41:14.605 [main] DEBUG nextflow.util.ThreadPoolBuilder - Creating thread pool 'FileTransfer' minSize=10; maxSize=216; workQueue=LinkedBlockingQueue[10000]; allowCoreThreadTimeout=false
Sep-02 17:41:14.634 [main] DEBUG nextflow.cli.CmdRun - 
  Version: 24.04.2 build 5914
  Created: 29-05-2024 06:19 UTC (02:19 EDT)
  System: Linux 3.10.0-1160.45.1.el7.x86_64
  Runtime: Groovy 4.0.21 on OpenJDK 64-Bit Server VM 17.0.10+7
  Encoding: UTF-8 (UTF-8)
  Process: 130278@terra [10.0.200.186]
  CPUs: 72 - Mem: 1.5 TB (600.6 GB) - Swap: 0 (0)
Sep-02 17:41:14.679 [main] DEBUG nextflow.Session - Work-dir: /rtsess01/juno/home/naidur/snvs_indels/nucleovar/.nf-test/tests/98af737904a797278dff77c5a7990e71/work [gpfs]
Sep-02 17:41:14.680 [main] DEBUG nextflow.Session - Script base path does not exist or is not a directory: /rtsess01/juno/home/naidur/snvs_indels/nucleovar/bin
Sep-02 17:41:14.698 [main] DEBUG nextflow.executor.ExecutorFactory - Extension executors providers=[]
Sep-02 17:41:14.710 [main] DEBUG nextflow.Session - Observer factory: DefaultObserverFactory
Sep-02 17:41:14.776 [main] DEBUG nextflow.cache.CacheFactory - Using Nextflow cache factory: nextflow.cache.DefaultCacheFactory
Sep-02 17:41:14.788 [main] DEBUG nextflow.util.CustomThreadPool - Creating default thread pool > poolSize: 73; maxThreads: 1000
Sep-02 17:41:15.153 [main] DEBUG nextflow.Session - Session start
Sep-02 17:41:15.159 [main] DEBUG nextflow.trace.TraceFileObserver - Workflow started -- trace file: /rtsess01/juno/home/naidur/snvs_indels/nucleovar/.nf-test/tests/98af737904a797278dff77c5a7990e71/meta/trace.csv
Sep-02 17:41:15.170 [main] DEBUG nextflow.Session - Using default localLib path: /rtsess01/juno/home/naidur/snvs_indels/nucleovar/lib
Sep-02 17:41:15.178 [main] DEBUG nextflow.Session - Adding to the classpath library: /rtsess01/juno/home/naidur/snvs_indels/nucleovar/lib
Sep-02 17:41:15.415 [main] DEBUG nextflow.script.ScriptRunner - > Launching execution
Sep-02 17:41:18.199 [main] DEBUG nextflow.script.IncludeDef - Loading included plugin extensions with names: [paramsHelp:paramsHelp]; plugin Id: nf-validation
Sep-02 17:41:18.211 [main] DEBUG nextflow.script.IncludeDef - Loading included plugin extensions with names: [paramsSummaryLog:paramsSummaryLog]; plugin Id: nf-validation
Sep-02 17:41:18.212 [main] DEBUG nextflow.script.IncludeDef - Loading included plugin extensions with names: [validateParameters:validateParameters]; plugin Id: nf-validation
Sep-02 17:41:18.215 [main] DEBUG nextflow.script.IncludeDef - Loading included plugin extensions with names: [paramsSummaryMap:paramsSummaryMap]; plugin Id: nf-validation
Sep-02 17:41:18.215 [main] DEBUG nextflow.script.IncludeDef - Loading included plugin extensions with names: [fromSamplesheet:fromSamplesheet]; plugin Id: nf-validation
Sep-02 17:41:18.438 [main] DEBUG nextflow.Nextflow - Using schema file: nextflow_schema.json
Sep-02 17:41:18.440 [main] WARN  nextflow.script.ScriptBinding - Access to undefined parameter `monochromeLogs` -- Initialise it to a default value eg. `params.monochromeLogs = some_value`
Sep-02 17:41:18.446 [main] INFO  nextflow.Nextflow - 

-[2m----------------------------------------------------[0m-
                                        [0;32m,--.[0;30m/[0;32m,-.[0m
[0;34m        ___     __   __   __   ___     [0;32m/,-._.--~'[0m
[0;34m  |\ | |__  __ /  ` /  \ |__) |__         [0;33m}  {[0m
[0;34m  | \| |       \__, \__/ |  \ |___     [0;32m\`-._,-`-,[0m
                                        [0;32m`._,._,'[0m
[0;35m  msk/nucleovar v1.0dev[0m
-[2m----------------------------------------------------[0m-
[1mCore Nextflow options[0m
  [0;34mrunName        : [0;32mirreverent_brattain[0m
  [0;34mcontainerEngine: [0;32msingularity[0m
  [0;34mlaunchDir      : [0;32m/rtsess01/juno/home/naidur/snvs_indels/nucleovar/.nf-test/tests/98af737904a797278dff77c5a7990e71[0m
  [0;34mworkDir        : [0;32m/rtsess01/juno/home/naidur/snvs_indels/nucleovar/.nf-test/tests/98af737904a797278dff77c5a7990e71/work[0m
  [0;34mprojectDir     : [0;32m/rtsess01/juno/home/naidur/snvs_indels/nucleovar[0m
  [0;34muserName       : [0;32mnaidur[0m
  [0;34mprofile        : [0;32msingularity[0m
  [0;34mconfigFiles    : [0;32m[0m

[1mInput/output options[0m
  [0;34minput          : [0;32mhttps://raw.githubusercontent.com/mskcc-omics-workflows/nucleovar/feature/call_variants/tests/resources/stub/stub_pipeline_input.csv[0m
  [0;34moutdir         : [0;32mresults[0m
  [0;34mtarget_bed     : [0;32mhttps://github.com/nf-core/test-datasets/modules/data/genomics/sarscov2/genome/bed/test2.bed[0m
  [0;34mcanonical_bed  : [0;32mhttps://github.com/nf-core/test-datasets/modules/data/genomics/sarscov2/genome/bed/test.bed[0m
  [0;34mfai            : [0;32mhttps://github.com/nf-core/test-datasets/blob/modules/data/genomics/sarscov2/genome/genome.fasta.fai[0m
  [0;34mdict           : [0;32mhttps://github.com/nf-core/test-datasets/modules/data/genomics/sarscov2/genome/genome.dict[0m
  [0;34mrules_json     : [0;32mhttps://github.com/mskcc-omics-workflows/nucleovar/tree/feature/call_variants/tests/resources/stub/stub_rules.json[0m
  [0;34maux_bams       : [0;32mhttps://raw.githubusercontent.com/mskcc-omics-workflows/nucleovar/feature/call_variants/tests/resources/stub/stub_aux_bams.csv[0m

[1mReference genome options[0m
  [0;34mfasta          : [0;32mhttps://github.com/nf-core/test-datasets/blob/modules/data/genomics/sarscov2/genome/genome.fasta[0m

[1mMax job request options[0m
  [0;34mmax_cpus       : [0;32m2[0m
  [0;34mmax_memory     : [0;32m6.GB[0m
  [0;34mmax_time       : [0;32m6.h[0m

!! Only displaying parameters that differ from the pipeline defaults !!
-[2m----------------------------------------------------[0m-
If you use msk/nucleovar for your analysis please cite:

* The pipeline

* The nf-core framework
  https://doi.org/10.1038/s41587-020-0439-x

* Software dependencies
  https://github.com/msk/nucleovar/blob/master/CITATIONS.md
-[2m----------------------------------------------------[0m-
Sep-02 17:41:18.448 [main] DEBUG nextflow.validation.SchemaValidator - Starting parameters validation
Sep-02 17:41:18.910 [main] WARN  nextflow.validation.SchemaValidator - The following invalid input values have been detected:

* --bed: null


Sep-02 17:41:19.088 [main] DEBUG n.file.http.XFileSystemProvider - Got HTTP error=404 waiting for 250ms (attempt=1)
Sep-02 17:41:19.403 [main] DEBUG n.file.http.XFileSystemProvider - Got HTTP error=404 waiting for 750ms (attempt=2)
Sep-02 17:41:20.213 [main] DEBUG n.file.http.XFileSystemProvider - Got HTTP error=404 waiting for 2250ms (attempt=3)
Sep-02 17:41:22.603 [main] DEBUG n.file.http.XFileSystemProvider - Got HTTP error=404 waiting for 250ms (attempt=1)
Sep-02 17:41:22.909 [main] DEBUG n.file.http.XFileSystemProvider - Got HTTP error=404 waiting for 750ms (attempt=2)
Sep-02 17:41:23.731 [main] DEBUG n.file.http.XFileSystemProvider - Got HTTP error=404 waiting for 2250ms (attempt=3)
Sep-02 17:41:26.176 [main] DEBUG n.file.http.XFileSystemProvider - Remote redirect location: https://github.com/mskcc-omics-workflows/nucleovar/blob/feature/call_variants/tests/resources/stub/stub_rules.json
Sep-02 17:41:26.665 [main] DEBUG n.file.http.XFileSystemProvider - Got HTTP error=404 waiting for 250ms (attempt=1)
Sep-02 17:41:26.974 [main] DEBUG n.file.http.XFileSystemProvider - Got HTTP error=404 waiting for 750ms (attempt=2)
Sep-02 17:41:27.780 [main] DEBUG n.file.http.XFileSystemProvider - Got HTTP error=404 waiting for 2250ms (attempt=3)
Sep-02 17:41:30.687 [main] DEBUG nextflow.validation.SchemaValidator - Finishing parameters validation
Sep-02 17:41:30.694 [main] WARN  nextflow.Nextflow - nf-core pipelines do not accept positional arguments. The positional argument `true` has been detected.
HINT: A common mistake is to provide multiple values separated by spaces e.g. `-profile test, docker`.

Sep-02 17:41:30.972 [main] DEBUG nextflow.script.ProcessConfig - Config settings `withLabel:process_single` matches labels `process_single` for process with name MSK_NUCLEOVAR:NUCLEOVAR:TRACEBACK:PVMAFCONCAT_INITIAL
Sep-02 17:41:30.988 [main] DEBUG nextflow.executor.ExecutorFactory - << taskConfig executor: null
Sep-02 17:41:30.988 [main] DEBUG nextflow.executor.ExecutorFactory - >> processorType: 'local'
Sep-02 17:41:30.996 [main] DEBUG nextflow.executor.Executor - [warm up] executor > local
Sep-02 17:41:31.003 [main] DEBUG n.processor.LocalPollingMonitor - Creating local task monitor for executor 'local' > cpus=72; memory=1.5 TB; capacity=72; pollInterval=100ms; dumpInterval=5m
Sep-02 17:41:31.006 [main] DEBUG n.processor.TaskPollingMonitor - >>> barrier register (monitor: local)
Sep-02 17:41:31.095 [main] DEBUG nextflow.script.ProcessConfig - Config settings `withLabel:process_medium` matches labels `process_medium` for process with name MSK_NUCLEOVAR:NUCLEOVAR:TRACEBACK:GENOTYPEVARIANTS_ALL
Sep-02 17:41:31.096 [main] DEBUG nextflow.script.ProcessConfig - Config settings `withName:GENOTYPEVARIANTS_ALL` matches process MSK_NUCLEOVAR:NUCLEOVAR:TRACEBACK:GENOTYPEVARIANTS_ALL
Sep-02 17:41:31.100 [main] DEBUG nextflow.executor.ExecutorFactory - << taskConfig executor: null
Sep-02 17:41:31.100 [main] DEBUG nextflow.executor.ExecutorFactory - >> processorType: 'local'
Sep-02 17:41:31.140 [main] DEBUG nextflow.script.ProcessConfig - Config settings `withLabel:process_single` matches labels `process_single` for process with name MSK_NUCLEOVAR:NUCLEOVAR:TRACEBACK:PVMAFCONCAT_GENOTYPE
Sep-02 17:41:31.143 [main] DEBUG nextflow.executor.ExecutorFactory - << taskConfig executor: null
Sep-02 17:41:31.143 [main] DEBUG nextflow.executor.ExecutorFactory - >> processorType: 'local'
Sep-02 17:41:31.164 [main] DEBUG nextflow.script.ProcessConfig - Config settings `withLabel:process_single` matches labels `process_single` for process with name MSK_NUCLEOVAR:NUCLEOVAR:PVMAF_TAGTRACEBACK
Sep-02 17:41:31.168 [main] DEBUG nextflow.executor.ExecutorFactory - << taskConfig executor: null
Sep-02 17:41:31.168 [main] DEBUG nextflow.executor.ExecutorFactory - >> processorType: 'local'
Sep-02 17:41:31.220 [main] DEBUG nextflow.Session - Config process names validation disabled as requested
Sep-02 17:41:31.223 [main] DEBUG nextflow.Session - Igniting dataflow network (17)
Sep-02 17:41:31.235 [main] DEBUG nextflow.processor.TaskProcessor - Starting process > MSK_NUCLEOVAR:NUCLEOVAR:TRACEBACK:PVMAFCONCAT_INITIAL
Sep-02 17:41:31.237 [main] DEBUG nextflow.processor.TaskProcessor - Starting process > MSK_NUCLEOVAR:NUCLEOVAR:TRACEBACK:GENOTYPEVARIANTS_ALL
Sep-02 17:41:31.238 [main] DEBUG nextflow.processor.TaskProcessor - Starting process > MSK_NUCLEOVAR:NUCLEOVAR:TRACEBACK:PVMAFCONCAT_GENOTYPE
Sep-02 17:41:31.239 [main] DEBUG nextflow.processor.TaskProcessor - Starting process > MSK_NUCLEOVAR:NUCLEOVAR:PVMAF_TAGTRACEBACK
Sep-02 17:41:31.241 [main] DEBUG nextflow.script.ScriptRunner - Parsed script files:
  Script_ac0074e646e4a89d: /rtsess01/juno/home/naidur/snvs_indels/nucleovar/./workflows/../subworkflows/msk/traceback/main.nf
  Script_fa5994465f71816c: /rtsess01/juno/home/naidur/snvs_indels/nucleovar/./workflows/../subworkflows/local/../../modules/local/bcftools/norm/main.nf
  Script_337a764104700e71: /rtsess01/juno/home/naidur/snvs_indels/nucleovar/./workflows/../modules/local/samtools/sort/main.nf
  Script_b8ddcb128022e9cb: /rtsess01/juno/home/naidur/snvs_indels/nucleovar/./workflows/../subworkflows/local/../../modules/local/tabix/bgzip/main.nf
  Script_d23aa3579a5488a7: /rtsess01/juno/home/naidur/snvs_indels/nucleovar/./workflows/../subworkflows/local/../../modules/local/bcftools/concat/main.nf
  Script_34a6e65ee7dbdbe0: /rtsess01/juno/home/naidur/snvs_indels/nucleovar/./subworkflows/local/utils_nfcore_nucleovar_pipeline/../../nf-core/utils_nextflow_pipeline/main.nf
  Script_ec1da840c471dbfc: /rtsess01/juno/home/naidur/snvs_indels/nucleovar/./workflows/nucleovar.nf
  Script_a7d371fe23db7aab: /rtsess01/juno/home/naidur/snvs_indels/nucleovar/./subworkflows/local/utils_nfcore_nucleovar_pipeline/../../nf-core/utils_nfvalidation_plugin/main.nf
  Script_83087cb49abd06e2: /rtsess01/juno/home/naidur/snvs_indels/nucleovar/./workflows/../modules/msk/mutect1/main.nf
  Script_f0a1358cdea34d7c: /rtsess01/juno/home/naidur/snvs_indels/nucleovar/./workflows/../modules/msk/pvmaf/tagtraceback/main.nf
  Script_959c2ed1883ec991: /rtsess01/juno/home/naidur/snvs_indels/nucleovar/./workflows/../subworkflows/msk/genome_nexus/../../../modules/msk/genomenexus/annotationpipeline/main.nf
  Script_eba6f4a18a135f22: /rtsess01/juno/home/naidur/snvs_indels/nucleovar/./workflows/../subworkflows/local/bcftools_mutect.nf
  Script_3d4eca32a752f0e6: /rtsess01/juno/home/naidur/snvs_indels/nucleovar/./workflows/../modules/local/mutect2/main.nf
  Script_e5962e6543ac3007: /rtsess01/juno/home/naidur/snvs_indels/nucleovar/./workflows/../subworkflows/local/../../modules/nf-core/vardictjava/main.nf
  Script_cc1d31c6c74a5ca1: /rtsess01/juno/home/naidur/snvs_indels/nucleovar/./workflows/../modules/local/gunzip_files.nf
  Script_90f5362815b84d48: /rtsess01/juno/home/naidur/snvs_indels/nucleovar/./workflows/../subworkflows/local/../../modules/local/bcftools/index/main.nf
  Script_6ba1f52a0c03ea5c: /rtsess01/juno/home/naidur/snvs_indels/nucleovar/./subworkflows/local/utils_nfcore_nucleovar_pipeline/main.nf
  Script_25575ff508135139: /rtsess01/juno/home/naidur/snvs_indels/nucleovar/./workflows/../subworkflows/local/call_variants_casecontrol.nf
  Script_9a9735536805ee91: /rtsess01/juno/home/naidur/snvs_indels/nucleovar/./workflows/../subworkflows/nf-core/utils_nfcore_pipeline/main.nf
  Script_27b1d96a38732160: /rtsess01/juno/home/naidur/snvs_indels/nucleovar/./workflows/../modules/local/mutect_filter.nf
  Script_e42e33314a5fab04: /rtsess01/juno/home/naidur/snvs_indels/nucleovar/./workflows/../subworkflows/local/../../modules/local/vardict_filter.nf
  Script_c8b7a06c4a1337d6: /rtsess01/juno/home/naidur/snvs_indels/nucleovar/./workflows/../subworkflows/msk/traceback/../../../modules/msk/pvmaf/concat/main.nf
  Script_789723d21ca7aa79: /rtsess01/juno/home/naidur/snvs_indels/nucleovar/./workflows/../modules/local/bcftools/annotate/main.nf
  Script_995a58f055c66345: /rtsess01/juno/home/naidur/snvs_indels/nucleovar/./workflows/../subworkflows/local/../../modules/local/bcftools_concat2/main.nf
  Script_5f7126b2074c6a7d: /rtsess01/juno/home/naidur/snvs_indels/nucleovar/./workflows/../modules/local/bedtools/genomecov/main.nf
  Script_998ea203507dc3ed: /rtsess01/juno/home/naidur/snvs_indels/nucleovar/./workflows/../subworkflows/local/bcftools_concat_vardicts.nf
  Script_30c3f5bd5264b278: /rtsess01/juno/home/naidur/snvs_indels/nucleovar/./workflows/../subworkflows/msk/genome_nexus/../../../modules/msk/genomenexus/vcf2maf/main.nf
  Script_3fbee32d0499d22d: /rtsess01/juno/home/naidur/snvs_indels/nucleovar/./workflows/../modules/local/bcftools/reheader/main.nf
  Script_e0e7b45107ecefae: /rtsess01/juno/home/naidur/snvs_indels/nucleovar/./workflows/../modules/local/bedtools/merge/main.nf
  Script_a2c432b422d72465: /rtsess01/juno/home/naidur/snvs_indels/nucleovar/./workflows/../subworkflows/local/bcftools_concat_with_mutect.nf
  Script_e3d97f8871113e5d: /rtsess01/juno/home/naidur/snvs_indels/nucleovar/./workflows/../subworkflows/msk/traceback/../../../modules/msk/genotypevariants/all/main.nf
  Script_30064479aefa35b5: /rtsess01/juno/home/naidur/snvs_indels/nucleovar/./workflows/../subworkflows/local/bcftools_vardict.nf
  Script_5589f1563ff18daf: /rtsess01/juno/home/naidur/snvs_indels/nucleovar/./workflows/../subworkflows/msk/genome_nexus/main.nf
  Script_71a45d7f9dd5875a: /rtsess01/juno/home/naidur/snvs_indels/nucleovar/main.nf
  Script_2a7107c947270d51: /rtsess01/juno/home/naidur/snvs_indels/nucleovar/./workflows/../subworkflows/local/../../modules/local/bcftools/sort/main.nf
Sep-02 17:41:31.241 [main] DEBUG nextflow.script.ScriptRunner - > Awaiting termination 
Sep-02 17:41:31.241 [main] DEBUG nextflow.Session - Session await
Sep-02 17:41:31.392 [Actor Thread 69] WARN  nextflow.container.SingularityCache - Singularity cache directory has not been defined -- Remote image will be stored in the path: /rtsess01/juno/home/naidur/snvs_indels/nucleovar/.nf-test/tests/98af737904a797278dff77c5a7990e71/work/singularity -- Use the environment variable NXF_SINGULARITY_CACHEDIR to specify a different location
Sep-02 17:41:31.392 [Actor Thread 69] INFO  nextflow.container.SingularityCache - Pulling Singularity image docker://ghcr.io/msk-access/postprocessing_variant_calls:0.3.0 [cache /rtsess01/juno/home/naidur/snvs_indels/nucleovar/.nf-test/tests/98af737904a797278dff77c5a7990e71/work/singularity/ghcr.io-msk-access-postprocessing_variant_calls-0.3.0.img]
Sep-02 17:41:31.394 [Actor Thread 72] DEBUG nextflow.sort.BigSort - Sort completed -- entries: 1; slices: 1; internal sort time: 0.001 s; external sort time: 0.018 s; total time: 0.019 s
Sep-02 17:41:31.402 [Actor Thread 72] DEBUG nextflow.file.FileCollector - Saved collect-files list to: /rtsess01/juno/home/naidur/snvs_indels/nucleovar/.nf-test/tests/98af737904a797278dff77c5a7990e71/work/collect-file/3a893d9c35f72c00f2cd9616f538c509
Sep-02 17:41:31.418 [Actor Thread 72] DEBUG nextflow.file.FileCollector - Deleting file collector temp dir: /tmp/nxf-6348755945504314884
Sep-02 17:41:32.268 [Actor Thread 69] DEBUG nextflow.container.SingularityCache - Singularity pull complete image=docker://ghcr.io/msk-access/postprocessing_variant_calls:0.3.0 path=/rtsess01/juno/home/naidur/snvs_indels/nucleovar/.nf-test/tests/98af737904a797278dff77c5a7990e71/work/singularity/ghcr.io-msk-access-postprocessing_variant_calls-0.3.0.img
Sep-02 17:41:32.463 [Task submitter] DEBUG n.executor.local.LocalTaskHandler - Launch cmd line: /bin/bash -ue .command.run
Sep-02 17:41:32.467 [Task submitter] INFO  nextflow.Session - [33/3c570b] Submitted process > MSK_NUCLEOVAR:NUCLEOVAR:TRACEBACK:PVMAFCONCAT_INITIAL (C-PR83CF-L004-d04.DONOR22-TP.combined-variants)
Sep-02 17:41:34.406 [Task monitor] DEBUG n.processor.TaskPollingMonitor - Task completed > TaskHandler[id: 1; name: MSK_NUCLEOVAR:NUCLEOVAR:TRACEBACK:PVMAFCONCAT_INITIAL (C-PR83CF-L004-d04.DONOR22-TP.combined-variants); status: COMPLETED; exit: 0; error: -; workDir: /rtsess01/juno/home/naidur/snvs_indels/nucleovar/.nf-test/tests/98af737904a797278dff77c5a7990e71/work/33/3c570bcf73935e095db1bc3a736b5a]
Sep-02 17:41:34.408 [Task monitor] DEBUG nextflow.util.ThreadPoolBuilder - Creating thread pool 'TaskFinalizer' minSize=10; maxSize=216; workQueue=LinkedBlockingQueue[10000]; allowCoreThreadTimeout=false
Sep-02 17:41:34.475 [TaskFinalizer-1] DEBUG nextflow.util.ThreadPoolBuilder - Creating thread pool 'PublishDir' minSize=10; maxSize=216; workQueue=LinkedBlockingQueue[10000]; allowCoreThreadTimeout=false
Sep-02 17:41:34.701 [FileTransfer-1] DEBUG nextflow.file.FilePorter - Copying foreign file https://github.com/nf-core/test-datasets/blob/modules/data/genomics/sarscov2/genome/genome.fasta to work dir: /rtsess01/juno/home/naidur/snvs_indels/nucleovar/.nf-test/tests/98af737904a797278dff77c5a7990e71/work/stage-1ccccfdc-342e-49a8-b1d0-30b35a6521cc/d3/0ad7036090072f06d9b87851e0a8df/genome.fasta
Sep-02 17:41:34.701 [FileTransfer-2] DEBUG nextflow.file.FilePorter - Copying foreign file https://github.com/nf-core/test-datasets/blob/modules/data/genomics/sarscov2/genome/genome.fasta.fai to work dir: /rtsess01/juno/home/naidur/snvs_indels/nucleovar/.nf-test/tests/98af737904a797278dff77c5a7990e71/work/stage-1ccccfdc-342e-49a8-b1d0-30b35a6521cc/fb/11f8f7d0e878f92f56a8543b9dc061/genome.fasta.fai
Sep-02 17:41:34.882 [Actor Thread 67] INFO  nextflow.container.SingularityCache - Pulling Singularity image docker://ghcr.io/msk-access/genotype_variants:0.3.9 [cache /rtsess01/juno/home/naidur/snvs_indels/nucleovar/.nf-test/tests/98af737904a797278dff77c5a7990e71/work/singularity/ghcr.io-msk-access-genotype_variants-0.3.9.img]
Sep-02 17:41:35.569 [Actor Thread 67] DEBUG nextflow.container.SingularityCache - Singularity pull complete image=docker://ghcr.io/msk-access/genotype_variants:0.3.9 path=/rtsess01/juno/home/naidur/snvs_indels/nucleovar/.nf-test/tests/98af737904a797278dff77c5a7990e71/work/singularity/ghcr.io-msk-access-genotype_variants-0.3.9.img
Sep-02 17:41:35.576 [Actor Thread 73] DEBUG nextflow.util.HashBuilder - Unable to get file attributes file: /rtsess01/juno/home/naidur/snvs_indels/nucleovar/.nf-test/tests/98af737904a797278dff77c5a7990e71/dummy7 -- Cause: java.nio.file.NoSuchFileException: /rtsess01/juno/home/naidur/snvs_indels/nucleovar/.nf-test/tests/98af737904a797278dff77c5a7990e71/dummy7
Sep-02 17:41:35.576 [Actor Thread 71] DEBUG nextflow.util.HashBuilder - Unable to get file attributes file: /rtsess01/juno/home/naidur/snvs_indels/nucleovar/.nf-test/tests/98af737904a797278dff77c5a7990e71/dummy9 -- Cause: java.nio.file.NoSuchFileException: /rtsess01/juno/home/naidur/snvs_indels/nucleovar/.nf-test/tests/98af737904a797278dff77c5a7990e71/dummy9
Sep-02 17:41:35.576 [Actor Thread 73] DEBUG nextflow.util.HashBuilder - Unable to get file attributes file: /rtsess01/juno/home/naidur/snvs_indels/nucleovar/.nf-test/tests/98af737904a797278dff77c5a7990e71/dummy8 -- Cause: java.nio.file.NoSuchFileException: /rtsess01/juno/home/naidur/snvs_indels/nucleovar/.nf-test/tests/98af737904a797278dff77c5a7990e71/dummy8
Sep-02 17:41:35.576 [Actor Thread 71] DEBUG nextflow.util.HashBuilder - Unable to get file attributes file: /rtsess01/juno/home/naidur/snvs_indels/nucleovar/.nf-test/tests/98af737904a797278dff77c5a7990e71/dummy11 -- Cause: java.nio.file.NoSuchFileException: /rtsess01/juno/home/naidur/snvs_indels/nucleovar/.nf-test/tests/98af737904a797278dff77c5a7990e71/dummy11
Sep-02 17:41:35.577 [Actor Thread 73] DEBUG nextflow.util.HashBuilder - Unable to get file attributes file: /rtsess01/juno/home/naidur/snvs_indels/nucleovar/.nf-test/tests/98af737904a797278dff77c5a7990e71/dummy10 -- Cause: java.nio.file.NoSuchFileException: /rtsess01/juno/home/naidur/snvs_indels/nucleovar/.nf-test/tests/98af737904a797278dff77c5a7990e71/dummy10
Sep-02 17:41:35.577 [Actor Thread 71] DEBUG nextflow.util.HashBuilder - Unable to get file attributes file: /rtsess01/juno/home/naidur/snvs_indels/nucleovar/.nf-test/tests/98af737904a797278dff77c5a7990e71/dummy12 -- Cause: java.nio.file.NoSuchFileException: /rtsess01/juno/home/naidur/snvs_indels/nucleovar/.nf-test/tests/98af737904a797278dff77c5a7990e71/dummy12
Sep-02 17:41:35.577 [Actor Thread 73] DEBUG nextflow.util.HashBuilder - Unable to get file attributes file: /rtsess01/juno/home/naidur/snvs_indels/nucleovar/.nf-test/tests/98af737904a797278dff77c5a7990e71/dummy14 -- Cause: java.nio.file.NoSuchFileException: /rtsess01/juno/home/naidur/snvs_indels/nucleovar/.nf-test/tests/98af737904a797278dff77c5a7990e71/dummy14
Sep-02 17:41:35.577 [Actor Thread 71] DEBUG nextflow.util.HashBuilder - Unable to get file attributes file: /rtsess01/juno/home/naidur/snvs_indels/nucleovar/.nf-test/tests/98af737904a797278dff77c5a7990e71/dummy13 -- Cause: java.nio.file.NoSuchFileException: /rtsess01/juno/home/naidur/snvs_indels/nucleovar/.nf-test/tests/98af737904a797278dff77c5a7990e71/dummy13
Sep-02 17:41:35.613 [Task submitter] DEBUG n.executor.local.LocalTaskHandler - Launch cmd line: /bin/bash -ue .command.run
Sep-02 17:41:35.613 [Task submitter] INFO  nextflow.Session - [6c/095eb4] Submitted process > MSK_NUCLEOVAR:NUCLEOVAR:TRACEBACK:GENOTYPEVARIANTS_ALL (sample1)
Sep-02 17:41:35.629 [Task submitter] DEBUG n.executor.local.LocalTaskHandler - Launch cmd line: /bin/bash -ue .command.run
Sep-02 17:41:35.630 [Task submitter] INFO  nextflow.Session - [e4/a02371] Submitted process > MSK_NUCLEOVAR:NUCLEOVAR:TRACEBACK:GENOTYPEVARIANTS_ALL (sample2)
Sep-02 17:41:36.936 [Task monitor] DEBUG n.processor.TaskPollingMonitor - Task completed > TaskHandler[id: 2; name: MSK_NUCLEOVAR:NUCLEOVAR:TRACEBACK:GENOTYPEVARIANTS_ALL (sample2); status: COMPLETED; exit: 0; error: -; workDir: /rtsess01/juno/home/naidur/snvs_indels/nucleovar/.nf-test/tests/98af737904a797278dff77c5a7990e71/work/e4/a02371312e40a4b45d764d08e68de8]
Sep-02 17:41:36.950 [Task monitor] DEBUG n.processor.TaskPollingMonitor - Task completed > TaskHandler[id: 3; name: MSK_NUCLEOVAR:NUCLEOVAR:TRACEBACK:GENOTYPEVARIANTS_ALL (sample1); status: COMPLETED; exit: 0; error: -; workDir: /rtsess01/juno/home/naidur/snvs_indels/nucleovar/.nf-test/tests/98af737904a797278dff77c5a7990e71/work/6c/095eb47581e3a9759e9650b762eea7]
Sep-02 17:41:36.969 [main] DEBUG nextflow.Session - Session await > all processes finished
Sep-02 17:41:37.051 [Task monitor] DEBUG n.processor.TaskPollingMonitor - <<< barrier arrives (monitor: local) - terminating tasks monitor poll loop
Sep-02 17:41:37.052 [main] DEBUG nextflow.Session - Session await > all barriers passed
Sep-02 17:41:37.058 [main] DEBUG nextflow.util.ThreadPoolManager - Thread pool 'TaskFinalizer' shutdown completed (hard=false)
Sep-02 17:41:37.058 [main] DEBUG nextflow.util.ThreadPoolManager - Thread pool 'PublishDir' shutdown completed (hard=false)
Sep-02 17:41:37.071 [main] INFO  nextflow.Nextflow - -[0;35m[msk/nucleovar][0;32m Pipeline completed successfully[0m-
Sep-02 17:41:37.079 [main] DEBUG n.trace.WorkflowStatsObserver - Workflow completed > WorkflowStats[succeededCount=3; failedCount=0; ignoredCount=0; cachedCount=0; pendingCount=0; submittedCount=0; runningCount=0; retriesCount=0; abortedCount=0; succeedDuration=3.9s; failedDuration=0ms; cachedDuration=0ms;loadCpus=0; loadMemory=0; peakRunning=2; peakCpus=4; peakMemory=12 GB; ]
Sep-02 17:41:37.080 [main] DEBUG nextflow.trace.TraceFileObserver - Workflow completed -- saving trace file
Sep-02 17:41:37.083 [main] DEBUG nextflow.trace.ReportObserver - Workflow completed -- rendering execution report
Sep-02 17:41:37.869 [main] DEBUG nextflow.trace.TimelineObserver - Workflow completed -- rendering execution timeline
Sep-02 17:41:37.995 [main] DEBUG nextflow.cache.CacheDB - Closing CacheDB done
Sep-02 17:41:38.024 [main] INFO  org.pf4j.AbstractPluginManager - Stop plugin 'nf-validation@1.1.3'
Sep-02 17:41:38.024 [main] DEBUG nextflow.plugin.BasePlugin - Plugin stopped nf-validation
Sep-02 17:41:38.025 [main] DEBUG nextflow.util.ThreadPoolManager - Thread pool 'FileTransfer' shutdown completed (hard=false)
Sep-02 17:41:38.027 [main] DEBUG nextflow.script.ScriptRunner - > Execution complete -- Goodbye
